C:\USERS\KMADSEN\GOOGLE DRIVE\OPENGL_PROJECTS\STARTER\DEBUG\STARTER.EXE
C:\USERS\KMADSEN\GOOGLE DRIVE\OPENGL_PROJECTS\STARTER\DEBUG\STARTER.ILK
C:\USERS\KMADSEN\GOOGLE DRIVE\OPENGL_PROJECTS\STARTER\DEBUG\STARTER.PDB
C:\USERS\KMADSEN\GOOGLE DRIVE\OPENGL_PROJECTS\STARTER\STARTER\DEBUG\BASICTRIANGLE.OBJ
C:\USERS\KMADSEN\GOOGLE DRIVE\OPENGL_PROJECTS\STARTER\STARTER\DEBUG\BUMPMAP.OBJ
C:\USERS\KMADSEN\GOOGLE DRIVE\OPENGL_PROJECTS\STARTER\STARTER\DEBUG\CARTOONSHADE.OBJ
C:\Users\kmadsen\Google Drive\OpenGL_Projects\Starter\Starter\Debug\cl.command.1.tlog
C:\Users\kmadsen\Google Drive\OpenGL_Projects\Starter\Starter\Debug\CL.read.1.tlog
C:\Users\kmadsen\Google Drive\OpenGL_Projects\Starter\Starter\Debug\CL.write.1.tlog
C:\USERS\KMADSEN\GOOGLE DRIVE\OPENGL_PROJECTS\STARTER\STARTER\DEBUG\ENVIRONMENTMAP.OBJ
C:\USERS\KMADSEN\GOOGLE DRIVE\OPENGL_PROJECTS\STARTER\STARTER\DEBUG\FUZZYCIRCLE.OBJ
C:\USERS\KMADSEN\GOOGLE DRIVE\OPENGL_PROJECTS\STARTER\STARTER\DEBUG\GLSLPROGRAM.OBJ
C:\USERS\KMADSEN\GOOGLE DRIVE\OPENGL_PROJECTS\STARTER\STARTER\DEBUG\LIGHTING3D.OBJ
C:\Users\kmadsen\Google Drive\OpenGL_Projects\Starter\Starter\Debug\link.11184.read.1.tlog
C:\Users\kmadsen\Google Drive\OpenGL_Projects\Starter\Starter\Debug\link.11184.write.1.tlog
C:\Users\kmadsen\Google Drive\OpenGL_Projects\Starter\Starter\Debug\link.11184-cvtres.read.1.tlog
C:\Users\kmadsen\Google Drive\OpenGL_Projects\Starter\Starter\Debug\link.11184-cvtres.write.1.tlog
C:\Users\kmadsen\Google Drive\OpenGL_Projects\Starter\Starter\Debug\link.command.1.tlog
C:\Users\kmadsen\Google Drive\OpenGL_Projects\Starter\Starter\Debug\link.read.1.tlog
C:\Users\kmadsen\Google Drive\OpenGL_Projects\Starter\Starter\Debug\link.write.1.tlog
C:\Users\kmadsen\Google Drive\OpenGL_Projects\Starter\Starter\Debug\link-cvtres.read.1.tlog
C:\Users\kmadsen\Google Drive\OpenGL_Projects\Starter\Starter\Debug\link-cvtres.write.1.tlog
C:\USERS\KMADSEN\GOOGLE DRIVE\OPENGL_PROJECTS\STARTER\STARTER\DEBUG\MAIN.OBJ
C:\Users\kmadsen\Google Drive\OpenGL_Projects\Starter\Starter\Debug\mt.command.1.tlog
C:\Users\kmadsen\Google Drive\OpenGL_Projects\Starter\Starter\Debug\mt.read.1.tlog
C:\Users\kmadsen\Google Drive\OpenGL_Projects\Starter\Starter\Debug\mt.write.1.tlog
C:\USERS\KMADSEN\GOOGLE DRIVE\OPENGL_PROJECTS\STARTER\STARTER\DEBUG\PERSPECTIVEPROJECTION.OBJ
C:\USERS\KMADSEN\GOOGLE DRIVE\OPENGL_PROJECTS\STARTER\STARTER\DEBUG\POINTSPRITES.OBJ
C:\USERS\KMADSEN\GOOGLE DRIVE\OPENGL_PROJECTS\STARTER\STARTER\DEBUG\PROJECTIVETEXTURE.OBJ
C:\Users\kmadsen\Google Drive\OpenGL_Projects\Starter\Starter\Debug\rc.command.1.tlog
C:\Users\kmadsen\Google Drive\OpenGL_Projects\Starter\Starter\Debug\rc.read.1.tlog
C:\Users\kmadsen\Google Drive\OpenGL_Projects\Starter\Starter\Debug\rc.write.1.tlog
C:\USERS\KMADSEN\GOOGLE DRIVE\OPENGL_PROJECTS\STARTER\STARTER\DEBUG\SHADERUTIL.OBJ
C:\USERS\KMADSEN\GOOGLE DRIVE\OPENGL_PROJECTS\STARTER\STARTER\DEBUG\SHADOWMAP.OBJ
C:\USERS\KMADSEN\GOOGLE DRIVE\OPENGL_PROJECTS\STARTER\STARTER\DEBUG\SKYBOX.OBJ
C:\USERS\KMADSEN\GOOGLE DRIVE\OPENGL_PROJECTS\STARTER\STARTER\DEBUG\STARTER.EXE.EMBED.MANIFEST
C:\USERS\KMADSEN\GOOGLE DRIVE\OPENGL_PROJECTS\STARTER\STARTER\DEBUG\STARTER.EXE.EMBED.MANIFEST.RES
C:\USERS\KMADSEN\GOOGLE DRIVE\OPENGL_PROJECTS\STARTER\STARTER\DEBUG\STARTER.EXE.INTERMEDIATE.MANIFEST
C:\Users\kmadsen\Google Drive\OpenGL_Projects\Starter\Starter\Debug\Starter_manifest.rc
C:\USERS\KMADSEN\GOOGLE DRIVE\OPENGL_PROJECTS\STARTER\STARTER\DEBUG\TESSELLATION.OBJ
C:\USERS\KMADSEN\GOOGLE DRIVE\OPENGL_PROJECTS\STARTER\STARTER\DEBUG\TEXTURECUBE.OBJ
C:\USERS\KMADSEN\GOOGLE DRIVE\OPENGL_PROJECTS\STARTER\STARTER\DEBUG\VBOMESH.OBJ
C:\USERS\KMADSEN\GOOGLE DRIVE\OPENGL_PROJECTS\STARTER\STARTER\DEBUG\VBOPLANE.OBJ
C:\USERS\KMADSEN\GOOGLE DRIVE\OPENGL_PROJECTS\STARTER\STARTER\DEBUG\VBOTEAPOT.OBJ
C:\USERS\KMADSEN\GOOGLE DRIVE\OPENGL_PROJECTS\STARTER\STARTER\DEBUG\VBOTEAPOTPATCH.OBJ
C:\USERS\KMADSEN\GOOGLE DRIVE\OPENGL_PROJECTS\STARTER\STARTER\DEBUG\VBOTORUS.OBJ
C:\Users\kmadsen\Google Drive\OpenGL_Projects\Starter\Starter\Debug\vc100.idb
C:\USERS\KMADSEN\GOOGLE DRIVE\OPENGL_PROJECTS\STARTER\STARTER\DEBUG\VC100.PDB
C:\USERS\KMADSEN\GOOGLE DRIVE\OPENGL_PROJECTS\STARTER\STARTER\DEBUG\WIREFRAME.OBJ
