Build started 4/13/2013 12:18:45 PM.
     1>Project "C:\Users\kmadsen\Google Drive\OpenGL_Projects\Starter\Starter\Starter.vcxproj" on node 2 (build target(s)).
     1>InitializeBuildStatus:
         Creating "Debug\Starter.unsuccessfulbuild" because "AlwaysCreate" was specified.
       ClCompile:
         c:\Program Files (x86)\Microsoft Visual Studio 10.0\VC\bin\CL.exe /c /I"C:\OpenGL\glm-0.9.3.1" /ZI /nologo /W3 /WX- /Od /Oy- /D _CRT_SECURE_NO_WARNINGS /D WIN32 /D _DEBUG /D _CONSOLE /Gm /EHsc /RTC1 /MDd /GS /fp:precise /Zc:wchar_t /Zc:forScope /FAs /Fa"Debug\\" /Fo"Debug\\" /Fd"Debug\vc100.pdb" /Gd /TP /analyze- /errorReport:prompt AnimatingSurface.cpp main.cpp
         Skipping... (no relevant changes detected)
         main.cpp
         AnimatingSurface.cpp
       ManifestResourceCompile:
         All outputs are up-to-date.
       Link:
         c:\Program Files (x86)\Microsoft Visual Studio 10.0\VC\bin\link.exe /ERRORREPORT:PROMPT /OUT:"C:\Users\kmadsen\Google Drive\OpenGL_Projects\Starter\Debug\Starter.exe" /INCREMENTAL /NOLOGO glew32.lib freeglut.lib FreeImage.lib FreeImaged.lib opengl32.lib kernel32.lib user32.lib gdi32.lib winspool.lib comdlg32.lib advapi32.lib shell32.lib ole32.lib oleaut32.lib uuid.lib odbc32.lib odbccp32.lib /MANIFEST /ManifestFile:"Debug\Starter.exe.intermediate.manifest" /MANIFESTUAC:"level='asInvoker' uiAccess='false'" /DEBUG /PDB:"C:\Users\kmadsen\Google Drive\OpenGL_Projects\Starter\Debug\Starter.pdb" /SUBSYSTEM:CONSOLE /TLBID:1 /DYNAMICBASE /NXCOMPAT /IMPLIB:"C:\Users\kmadsen\Google Drive\OpenGL_Projects\Starter\Debug\Starter.lib" /MACHINE:X86 Debug\Starter.exe.embed.manifest.res
         Debug\AnimatingSurface.obj
         Debug\BasicTriangle.obj
         Debug\BumpMap.obj
         Debug\CartoonShade.obj
         Debug\EnvironmentMap.obj
         Debug\FuzzyCircle.obj
         Debug\GLSLProgram.obj
         Debug\Lighting3D.obj
         Debug\main.obj
         Debug\PerspectiveProjection.obj
         Debug\PointSprites.obj
         Debug\ProjectiveTexture.obj
         Debug\ShaderUtil.obj
         Debug\ShadowMap.obj
         Debug\skybox.obj
         Debug\Tessellation.obj
         Debug\TextureCube.obj
         Debug\vbomesh.obj
         Debug\vboplane.obj
         Debug\vboteapot.obj
         Debug\vboteapotpatch.obj
         Debug\vbotorus.obj
         Debug\WireFrame.obj
       Manifest:
         C:\Program Files (x86)\Microsoft SDKs\Windows\v7.0A\bin\mt.exe /nologo /verbose /out:"Debug\Starter.exe.embed.manifest" /manifest Debug\Starter.exe.intermediate.manifest
         All outputs are up-to-date.
       LinkEmbedManifest:
         All outputs are up-to-date.
         Starter.vcxproj -> C:\Users\kmadsen\Google Drive\OpenGL_Projects\Starter\Debug\Starter.exe
       FinalizeBuildStatus:
         Deleting file "Debug\Starter.unsuccessfulbuild".
         Touching "Debug\Starter.lastbuildstate".
     1>Done Building Project "C:\Users\kmadsen\Google Drive\OpenGL_Projects\Starter\Starter\Starter.vcxproj" (build target(s)).

Build succeeded.

Time Elapsed 00:00:02.51
