Build started 3/2/2012 12:51:22 AM.
     1>Project "C:\Users\kmadsen\Desktop\OpenGL_Projects\Starter\Starter\Starter.vcxproj" on node 2 (build target(s)).
     1>InitializeBuildStatus:
         Creating "Release\Starter.unsuccessfulbuild" because "AlwaysCreate" was specified.
       ClCompile:
         c:\Program Files (x86)\Microsoft Visual Studio 10.0\VC\bin\CL.exe /c /I"C:\OpenGL\glm-0.9.3.1" /Zi /nologo /W3 /WX- /O2 /Oi /Oy- /GL /D _CRT_SECURE_NO_WARNINGS /D WIN32 /D NDEBUG /D _CONSOLE /Gm- /EHsc /MD /GS /Gy /fp:precise /Zc:wchar_t /Zc:forScope /Fo"Release\\" /Fd"Release\vc100.pdb" /Gd /TP /analyze- /errorReport:prompt TextureCube.cpp
         TextureCube.cpp
       Link:
         c:\Program Files (x86)\Microsoft Visual Studio 10.0\VC\bin\link.exe /ERRORREPORT:PROMPT /OUT:"C:\Users\kmadsen\Desktop\OpenGL_Projects\Starter\Release\Starter.exe" /INCREMENTAL:NO /NOLOGO glew32.lib freeglut.lib FreeImage.lib FreeImaged.lib kernel32.lib user32.lib gdi32.lib winspool.lib comdlg32.lib advapi32.lib shell32.lib ole32.lib oleaut32.lib uuid.lib odbc32.lib odbccp32.lib /MANIFEST /ManifestFile:"Release\Starter.exe.intermediate.manifest" /MANIFESTUAC:"level='asInvoker' uiAccess='false'" /DEBUG /PDB:"C:\Users\kmadsen\Desktop\OpenGL_Projects\Starter\Release\Starter.pdb" /SUBSYSTEM:CONSOLE /OPT:REF /OPT:ICF /LTCG /TLBID:1 /DYNAMICBASE /NXCOMPAT /IMPLIB:"C:\Users\kmadsen\Desktop\OpenGL_Projects\Starter\Release\Starter.lib" /MACHINE:X86 Release\BasicTriangle.obj
         Release\CartoonShade.obj
         Release\FuzzyCircle.obj
         Release\GLSLProgram.obj
         Release\KMouse.obj
         Release\Lighting3D.obj
         Release\main.obj
         Release\PerspectiveCamera.obj
         Release\ShaderUtil.obj
         Release\TextureCube.obj
         Release\vboplane.obj
         Release\vboteapot.obj
         Generating code
         Finished generating code
         Starter.vcxproj -> C:\Users\kmadsen\Desktop\OpenGL_Projects\Starter\Release\Starter.exe
       Manifest:
         C:\Program Files (x86)\Microsoft SDKs\Windows\v7.0A\bin\mt.exe /nologo /verbose /outputresource:"C:\Users\kmadsen\Desktop\OpenGL_Projects\Starter\Release\Starter.exe;#1" /manifest Release\Starter.exe.intermediate.manifest
       FinalizeBuildStatus:
         Deleting file "Release\Starter.unsuccessfulbuild".
         Touching "Release\Starter.lastbuildstate".
     1>Done Building Project "C:\Users\kmadsen\Desktop\OpenGL_Projects\Starter\Starter\Starter.vcxproj" (build target(s)).

Build succeeded.

Time Elapsed 00:00:01.61
